<?xml version="1.0" encoding="UTF-8"?>
<testng-results ignored="0" total="2" passed="2" failed="0" skipped="0">
  <reporter-output>
  </reporter-output>
  <suite started-at="2019-02-27T13:18:03Z" name="Default suite" finished-at="2019-02-27T13:18:48Z" duration-ms="44808">
    <groups>
    </groups>
    <test started-at="2019-02-27T13:18:03Z" name="Default test" finished-at="2019-02-27T13:18:48Z" duration-ms="44808">
      <class name="frameworkTest.TestCases.RegisterNew1">
        <test-method is-config="true" signature="openChrome()[pri:0, instance:frameworkTest.TestCases.RegisterNew1@568ff82]" started-at="2019-02-27T13:18:03Z" name="openChrome" finished-at="2019-02-27T13:18:15Z" duration-ms="11917" status="PASS">
          <reporter-output>
          </reporter-output>
        </test-method> <!-- openChrome -->
        <test-method signature="registerNewUser(java.lang.String, java.lang.String, java.lang.String, java.lang.String, java.lang.String, java.lang.String, java.lang.String, java.lang.String, java.lang.String, java.lang.String, java.lang.String, java.lang.String, java.lang.String)[pri:0, instance:frameworkTest.TestCases.RegisterNew1@568ff82]" started-at="2019-02-27T13:18:15Z" name="registerNewUser" data-provider="testData" finished-at="2019-02-27T13:18:34Z" duration-ms="18473" status="PASS">
          <params>
            <param index="0">
              <value>
                <![CDATA[ammy59@gmail.com]]>
              </value>
            </param>
            <param index="1">
              <value>
                <![CDATA[Mrs]]>
              </value>
            </param>
            <param index="2">
              <value>
                <![CDATA[Ammy]]>
              </value>
            </param>
            <param index="3">
              <value>
                <![CDATA[Ammy]]>
              </value>
            </param>
            <param index="4">
              <value>
                <![CDATA[Ammy59]]>
              </value>
            </param>
            <param index="5">
              <value>
                <![CDATA[Ammy]]>
              </value>
            </param>
            <param index="6">
              <value>
                <![CDATA[Ammy]]>
              </value>
            </param>
            <param index="7">
              <value>
                <![CDATA[123,chd]]>
              </value>
            </param>
            <param index="8">
              <value>
                <![CDATA[Chandigarh]]>
              </value>
            </param>
            <param index="9">
              <value>
                <![CDATA[Chandigarh]]>
              </value>
            </param>
            <param index="10">
              <value>
                <![CDATA[12345]]>
              </value>
            </param>
            <param index="11">
              <value>
                <![CDATA[6756677655]]>
              </value>
            </param>
            <param index="12">
              <value>
                <![CDATA[Hello1]]>
              </value>
            </param>
          </params>
          <reporter-output>
          </reporter-output>
        </test-method> <!-- registerNewUser -->
        <test-method signature="registerNewUser(java.lang.String, java.lang.String, java.lang.String, java.lang.String, java.lang.String, java.lang.String, java.lang.String, java.lang.String, java.lang.String, java.lang.String, java.lang.String, java.lang.String, java.lang.String)[pri:0, instance:frameworkTest.TestCases.RegisterNew1@568ff82]" started-at="2019-02-27T13:18:34Z" name="registerNewUser" data-provider="testData" finished-at="2019-02-27T13:18:48Z" duration-ms="13986" status="PASS">
          <params>
            <param index="0">
              <value>
                <![CDATA[Samreen@gmail.com]]>
              </value>
            </param>
            <param index="1">
              <value>
                <![CDATA[Mrs]]>
              </value>
            </param>
            <param index="2">
              <value>
                <![CDATA[Samreen]]>
              </value>
            </param>
            <param index="3">
              <value>
                <![CDATA[Samreen]]>
              </value>
            </param>
            <param index="4">
              <value>
                <![CDATA[Samreen123]]>
              </value>
            </param>
            <param index="5">
              <value>
                <![CDATA[Samreen]]>
              </value>
            </param>
            <param index="6">
              <value>
                <![CDATA[Samreen]]>
              </value>
            </param>
            <param index="7">
              <value>
                <![CDATA[345.chd]]>
              </value>
            </param>
            <param index="8">
              <value>
                <![CDATA[Chandigarh]]>
              </value>
            </param>
            <param index="9">
              <value>
                <![CDATA[Chandigarh]]>
              </value>
            </param>
            <param index="10">
              <value>
                <![CDATA[56789]]>
              </value>
            </param>
            <param index="11">
              <value>
                <![CDATA[9875674677]]>
              </value>
            </param>
            <param index="12">
              <value>
                <![CDATA[Hello2]]>
              </value>
            </param>
          </params>
          <reporter-output>
          </reporter-output>
        </test-method> <!-- registerNewUser -->
      </class> <!-- frameworkTest.TestCases.RegisterNew1 -->
    </test> <!-- Default test -->
  </suite> <!-- Default suite -->
</testng-results>
